# JRE version: OpenJDK Runtime Environment Temurin-17.0.10+7 (17.0.10+7) (build 17.0.10+7)
# Java VM: OpenJDK 64-Bit Server VM Temurin-17.0.10+7 (17.0.10+7, mixed mode, emulated-client, tiered, compressed oops, compressed class ptrs, g1 gc, windows-amd64)
GC Precious Log:
 CPUs: 2 total, 2 available
 Memory: 3460M
 Large Page Support: Disabled
 NUMA Support: Disabled
 Compressed Oops: Enabled (32-bit)
 Heap Region Size: 1M
 Heap Min Capacity: 8M
 Heap Initial Capacity: 56M
 Heap Max Capacity: 866M
 Pre-touch: Disabled
 Parallel Workers: 2
 Concurrent Workers: 1
 Concurrent Refinement Workers: 2
 Periodic GC: Disabled
Heap:
 garbage-first heap   total 57344K, used 25340K [0x00000000c9e00000, 0x0000000100000000)
  region size 1024K, 20 young (20480K), 2 survivors (2048K)
 Metaspace       used 20763K, committed 21056K, reserved 1114112K
  class space    used 2425K, committed 2560K, reserved 1048576K
GC Heap History (8 events):
Event: 7.581 GC heap before
{Heap before GC invocations=0 (full 0):
 garbage-first heap   total 57344K, used 8192K [0x00000000c9e00000, 0x0000000100000000)
  region size 1024K, 6 young (6144K), 0 survivors (0K)
 Metaspace       used 6313K, committed 6464K, reserved 1114112K
  class space    used 537K, committed 576K, reserved 1048576K
}
Event: 7.645 GC heap after
{Heap after GC invocations=1 (full 0):
 garbage-first heap   total 57344K, used 4374K [0x00000000c9e00000, 0x0000000100000000)
  region size 1024K, 1 young (1024K), 1 survivors (1024K)
 Metaspace       used 6313K, committed 6464K, reserved 1114112K
  class space    used 537K, committed 576K, reserved 1048576K
}
Event: 11.471 GC heap before
{Heap before GC invocations=1 (full 0):
 garbage-first heap   total 57344K, used 8470K [0x00000000c9e00000, 0x0000000100000000)
  region size 1024K, 5 young (5120K), 1 survivors (1024K)
 Metaspace       used 9216K, committed 9408K, reserved 1114112K
  class space    used 883K, committed 960K, reserved 1048576K
}
Event: 11.473 GC heap after
{Heap after GC invocations=2 (full 0):
 garbage-first heap   total 57344K, used 6692K [0x00000000c9e00000, 0x0000000100000000)
  region size 1024K, 1 young (1024K), 1 survivors (1024K)
 Metaspace       used 9216K, committed 9408K, reserved 1114112K
  class space    used 883K, committed 960K, reserved 1048576K
}
Event: 15.175 GC heap before
{Heap before GC invocations=2 (full 0):
 garbage-first heap   total 57344K, used 13860K [0x00000000c9e00000, 0x0000000100000000)
  region size 1024K, 8 young (8192K), 1 survivors (1024K)
 Metaspace       used 13801K, committed 14080K, reserved 1114112K
  class space    used 1439K, committed 1600K, reserved 1048576K
}
Event: 15.180 GC heap after
{Heap after GC invocations=3 (full 0):
 garbage-first heap   total 57344K, used 7746K [0x00000000c9e00000, 0x0000000100000000)
  region size 1024K, 1 young (1024K), 1 survivors (1024K)
 Metaspace       used 13801K, committed 14080K, reserved 1114112K
  class space    used 1439K, committed 1600K, reserved 1048576K
}
Event: 16.366 GC heap before
{Heap before GC invocations=3 (full 0):
 garbage-first heap   total 57344K, used 21058K [0x00000000c9e00000, 0x0000000100000000)
  region size 1024K, 14 young (14336K), 1 survivors (1024K)
 Metaspace       used 17284K, committed 17600K, reserved 1114112K
  class space    used 1902K, committed 2048K, reserved 1048576K
}
Event: 16.371 GC heap after
{Heap after GC invocations=4 (full 0):
 garbage-first heap   total 57344K, used 8956K [0x00000000c9e00000, 0x0000000100000000)
  region size 1024K, 2 young (2048K), 2 survivors (2048K)
 Metaspace       used 17284K, committed 17600K, reserved 1114112K
  class space    used 1902K, committed 2048K, reserved 1048576K
}

